#
# A fatal error has been detected by the Java Runtime Environment:
#
#  EXCEPTION_ACCESS_VIOLATION (0xc0000005) at pc=0x6d0b70d0, pid=488, tid=1756
#
# JRE version: 6.0_26-b03
# Java VM: Java HotSpot(TM) Client VM (20.1-b02 mixed mode, sharing windows-x86 )
# Problematic frame:
# C  [awt.dll+0xb70d0]
#
# If you would like to submit a bug report, please visit:
#   http://java.sun.com/webapps/bugreport/crash.jsp
# The crash happened outside the Java Virtual Machine in native code.
# See problematic frame for where to report the bug.
#

---------------  T H R E A D  ---------------

Current thread (0x01afdc00):  JavaThread "AWT-Windows" daemon [_thread_in_native, id=1756, stack(0x041a0000,0x041f0000)]

siginfo: ExceptionCode=0xc0000005, reading address 0x00000000

Registers:
EAX=0x041ef7b0, EBX=0x01b06060, ECX=0x00000230, EDX=0x00000180
ESP=0x041ef798, EBP=0x041ef908, ESI=0x00000000, EDI=0x00000180
EIP=0x6d0b70d0, EFLAGS=0x00010212

Top of Stack: (sp=0x041ef798)
0x041ef798:   041ef7b0 00001000 00000000 01b05e40
0x041ef7a8:   01b05e00 000001f8 00000203 6d0af5ac
0x041ef7b8:   00000000 01b1a690 01afe168 01b05e40
0x041ef7c8:   6d0b3d33 00000000 00009825 01afdd28
0x041ef7d8:   00000001 000001f8 fffffffe 71fba90c
0x041ef7e8:   000001f8 00000000 0000980d 01afdd28
0x041ef7f8:   01a56e30 0ae84629 00000000 74bc17c4
0x041ef808:   7514c2f3 00000214 ffffffff 00000000 

Instructions: (pc=0x6d0b70d0)
0x6d0b70b0:   d8 56 8b b3 10 a0 00 00 1b c0 57 25 00 f0 ff ff
0x6d0b70c0:   05 00 20 00 00 50 c1 e2 05 8d 44 24 14 50 8b fa
0x6d0b70d0:   8b 16 57 c1 e1 05 51 56 ff 52 2c 85 c0 0f 8c 93
0x6d0b70e0:   00 00 00 8b 53 04 8b cf 8b 7c 24 10 8b c1 c1 e9 


Register to memory mapping:

EAX=0x041ef7b0 is pointing into the stack for thread: 0x01afdc00
EBX=0x01b06060 is an unknown value
ECX=0x00000230 is an unknown value
EDX=0x00000180 is an unknown value
ESP=0x041ef798 is pointing into the stack for thread: 0x01afdc00
EBP=0x041ef908 is pointing into the stack for thread: 0x01afdc00
ESI=0x00000000 is an unknown value
EDI=0x00000180 is an unknown value


Stack: [0x041a0000,0x041f0000],  sp=0x041ef798,  free space=317k
Native frames: (J=compiled Java code, j=interpreted, Vv=VM code, C=native code)
C  [awt.dll+0xb70d0]  D3DVertexCacher::Render+0x50
C  [awt.dll+0x9cd3a]  Java_sun_awt_windows_WToolkit_loadSystemColors+0x94a
C  [USER32.dll+0x1c4e7]  gapfnScSendMessage+0x1cf
C  [USER32.dll+0x1c5e7]  gapfnScSendMessage+0x2cf
C  [USER32.dll+0x14f0e]  GetScrollBarInfo+0xfd
C  [USER32.dll+0x14f7d]  GetScrollBarInfo+0x16c
C  [ntdll.dll+0x46fee]  KiUserCallbackDispatcher+0x2e
C  [USER32.dll+0x164a1]  PeekMessageW+0x157

Java frames: (J=compiled Java code, j=interpreted, Vv=VM code)
j  sun.awt.windows.WToolkit.eventLoop()V+0
j  sun.awt.windows.WToolkit.run()V+52
j  java.lang.Thread.run()V+11
v  ~StubRoutines::call_stub

---------------  P R O C E S S  ---------------

Java Threads: ( => current thread )
  0x09281000 JavaThread "AWT-EventQueue-0" [_thread_blocked, id=4124, stack(0x07cc0000,0x07d10000)]
  0x091ef000 JavaThread "MySQL Statement Cancellation Timer" daemon [_thread_blocked, id=6116, stack(0x07bf0000,0x07c40000)]
  0x077fa000 JavaThread "D3D Screen Updater" daemon [_thread_blocked, id=3380, stack(0x078e0000,0x07930000)]
  0x011b9800 JavaThread "DestroyJavaVM" [_thread_blocked, id=3400, stack(0x003a0000,0x003f0000)]
=>0x01afdc00 JavaThread "AWT-Windows" daemon [_thread_in_native, id=1756, stack(0x041a0000,0x041f0000)]
  0x01afd400 JavaThread "AWT-Shutdown" [_thread_blocked, id=4160, stack(0x040d0000,0x04120000)]
  0x01afac00 JavaThread "Java2D Disposer" daemon [_thread_in_native, id=3224, stack(0x03f40000,0x03f90000)]
  0x01ab4400 JavaThread "Low Memory Detector" daemon [_thread_blocked, id=6044, stack(0x03dc0000,0x03e10000)]
  0x01aa8000 JavaThread "C1 CompilerThread0" daemon [_thread_blocked, id=6120, stack(0x03d70000,0x03dc0000)]
  0x01aa7000 JavaThread "Attach Listener" daemon [_thread_blocked, id=5208, stack(0x03d20000,0x03d70000)]
  0x01aa6000 JavaThread "Signal Dispatcher" daemon [_thread_blocked, id=5196, stack(0x03cd0000,0x03d20000)]
  0x01aa1400 JavaThread "Finalizer" daemon [_thread_blocked, id=3644, stack(0x03c80000,0x03cd0000)]
  0x01a9c000 JavaThread "Reference Handler" daemon [_thread_blocked, id=5692, stack(0x03c30000,0x03c80000)]

Other Threads:
  0x01a60800 VMThread [stack: 0x03be0000,0x03c30000] [id=1424]
  0x01ab5800 WatcherThread [stack: 0x03e10000,0x03e60000] [id=3232]

VM state:not at safepoint (normal execution)

VM Mutex/Monitor currently owned by a thread: None

Heap
 def new generation   total 4928K, used 2185K [0x23850000, 0x23da0000, 0x28da0000)
  eden space 4416K,  43% used [0x23850000, 0x23a33940, 0x23ca0000)
  from space 512K,  49% used [0x23ca0000, 0x23cdec58, 0x23d20000)
  to   space 512K,   0% used [0x23d20000, 0x23d20000, 0x23da0000)
 tenured generation   total 10944K, used 5809K [0x28da0000, 0x29850000, 0x33850000)
   the space 10944K,  53% used [0x28da0000, 0x2934c508, 0x2934c600, 0x29850000)
 compacting perm gen  total 12288K, used 7461K [0x33850000, 0x34450000, 0x37850000)
   the space 12288K,  60% used [0x33850000, 0x33f99598, 0x33f99600, 0x34450000)
    ro space 10240K,  51% used [0x37850000, 0x37d7dff8, 0x37d7e000, 0x38250000)
    rw space 12288K,  55% used [0x38250000, 0x388ec208, 0x388ec400, 0x38e50000)

Code Cache  [0x01b30000, 0x01c80000, 0x03b30000)
 total_blobs=661 nmethods=439 adapters=157 free_code_cache=32210880 largest_free_block=256

Dynamic libraries:
0x00400000 - 0x00424000 	C:\Program Files\Java\jre6\bin\javaw.exe
0x76f30000 - 0x7706c000 	C:\Windows\SYSTEM32\ntdll.dll
0x75100000 - 0x751d4000 	C:\Windows\system32\kernel32.dll
0x74bc0000 - 0x74c0a000 	C:\Windows\system32\KERNELBASE.dll
0x75910000 - 0x759b0000 	C:\Windows\system32\ADVAPI32.dll
0x75680000 - 0x7572c000 	C:\Windows\system32\msvcrt.dll
0x75290000 - 0x752a9000 	C:\Windows\SYSTEM32\sechost.dll
0x751e0000 - 0x75281000 	C:\Windows\system32\RPCRT4.dll
0x759b0000 - 0x75a79000 	C:\Windows\system32\USER32.dll
0x75a80000 - 0x75ace000 	C:\Windows\system32\GDI32.dll
0x77080000 - 0x7708a000 	C:\Windows\system32\LPK.dll
0x75ad0000 - 0x75b6d000 	C:\Windows\system32\USP10.dll
0x74f90000 - 0x74faf000 	C:\Windows\system32\IMM32.DLL
0x75730000 - 0x757fc000 	C:\Windows\system32\MSCTF.dll
0x7c340000 - 0x7c396000 	C:\Program Files\Java\jre6\bin\msvcr71.dll
0x6d7f0000 - 0x6da9f000 	C:\Program Files\Java\jre6\bin\client\jvm.dll
0x72d70000 - 0x72da2000 	C:\Windows\system32\WINMM.dll
0x74810000 - 0x7485c000 	C:\Windows\system32\apphelp.dll
0x6d7a0000 - 0x6d7ac000 	C:\Program Files\Java\jre6\bin\verify.dll
0x6d320000 - 0x6d33f000 	C:\Program Files\Java\jre6\bin\java.dll
0x77070000 - 0x77075000 	C:\Windows\system32\PSAPI.DLL
0x6d7e0000 - 0x6d7ef000 	C:\Program Files\Java\jre6\bin\zip.dll
0x6d000000 - 0x6d14b000 	C:\Program Files\Java\jre6\bin\awt.dll
0x72030000 - 0x72081000 	C:\Windows\system32\WINSPOOL.DRV
0x74c10000 - 0x74d6c000 	C:\Windows\system32\ole32.dll
0x73850000 - 0x739ee000 	C:\Windows\WinSxS\x86_microsoft.windows.common-controls_6595b64144ccf1df_6.0.7601.17514_none_41e6975e2bd6f2b2\COMCTL32.dll
0x74d70000 - 0x74dc7000 	C:\Windows\system32\SHLWAPI.dll
0x71fa0000 - 0x72024000 	C:\Windows\WinSxS\x86_microsoft.windows.common-controls_6595b64144ccf1df_5.82.7601.17514_none_ec83dffa859149af\comctl32.dll
0x73370000 - 0x73383000 	C:\Windows\system32\DWMAPI.DLL
0x736a0000 - 0x736e0000 	C:\Windows\system32\uxtheme.dll
0x6d230000 - 0x6d27f000 	C:\Program Files\Java\jre6\bin\fontmanager.dll
0x604c0000 - 0x604ce000 	C:\ProgramData\Real\RealPlayer\BrowserRecordPlugin\Chrome\Hook\rpchrome10browserrecordhelper.dll
0x70910000 - 0x709b3000 	C:\Windows\WinSxS\x86_microsoft.vc90.crt_1fc8b3b9a1e18e3b_9.0.30729.6161_none_50934f2ebcb7eb57\MSVCR90.dll
0x75bf0000 - 0x7683a000 	C:\Windows\system32\SHELL32.dll
0x709d0000 - 0x70a5e000 	C:\Windows\WinSxS\x86_microsoft.vc90.crt_1fc8b3b9a1e18e3b_9.0.30729.6161_none_50934f2ebcb7eb57\MSVCP90.dll
0x74860000 - 0x7486c000 	C:\Windows\system32\CRYPTBASE.dll
0x6b3c0000 - 0x6b583000 	C:\Windows\system32\d3d9.dll
0x73dc0000 - 0x73dc9000 	C:\Windows\system32\VERSION.dll
0x73810000 - 0x73816000 	C:\Windows\system32\d3d8thk.dll
0x667e0000 - 0x6735f000 	C:\Windows\system32\nvd3dum.dll
0x73050000 - 0x73075000 	C:\Windows\system32\powrprof.dll
0x75480000 - 0x7561d000 	C:\Windows\system32\SETUPAPI.dll
0x74ab0000 - 0x74ad7000 	C:\Windows\system32\CFGMGR32.dll
0x74fb0000 - 0x7503f000 	C:\Windows\system32\OLEAUT32.dll
0x74b10000 - 0x74b22000 	C:\Windows\system32\DEVOBJ.dll
0x6d600000 - 0x6d613000 	C:\Program Files\Java\jre6\bin\net.dll
0x74dd0000 - 0x74e05000 	C:\Windows\system32\WS2_32.dll
0x75470000 - 0x75476000 	C:\Windows\system32\NSI.dll
0x742c0000 - 0x742fc000 	C:\Windows\system32\mswsock.dll
0x74510000 - 0x74516000 	C:\Windows\System32\wship6.dll
0x6d620000 - 0x6d629000 	C:\Program Files\Java\jre6\bin\nio.dll
0x73e50000 - 0x73e55000 	C:\Windows\System32\wshtcpip.dll
0x6fc10000 - 0x6fc37000 	C:\Program Files\Common Files\Microsoft Shared\Windows Live\WLIDNSP.DLL
0x74190000 - 0x741d4000 	C:\Windows\system32\DNSAPI.dll
0x72910000 - 0x7292c000 	C:\Windows\system32\IPHLPAPI.DLL
0x72900000 - 0x72907000 	C:\Windows\system32\WINNSI.DLL
0x6f0a0000 - 0x6f0a6000 	C:\Windows\system32\rasadhlp.dll
0x72770000 - 0x727a8000 	C:\Windows\System32\fwpuclnt.dll

VM Arguments:
jvm_args: -Dfile.encoding=Cp1252 
java_command: prueba
Launcher Type: SUN_STANDARD

Environment Variables:
PATH=C:/Program Files/Java/jre6/bin/client;C:/Program Files/Java/jre6/bin;C:\Program Files\Common Files\Microsoft Shared\Windows Live;C:\Windows\system32;C:\Windows;C:\Windows\System32\Wbem;C:\Windows\System32\WindowsPowerShell\v1.0\;C:\Program Files\Windows Live\Shared;C:\Program Files\MySQL\MySQL Server 5.0\bin
USERNAME=Damiám
OS=Windows_NT
PROCESSOR_IDENTIFIER=x86 Family 16 Model 4 Stepping 2, AuthenticAMD



---------------  S Y S T E M  ---------------

OS: Windows 7 Build 7601 Service Pack 1

CPU:total 2 (2 cores per cpu, 1 threads per core) family 16 model 4 stepping 2, cmov, cx8, fxsr, mmx, sse, sse2, sse3, popcnt, mmxext, 3dnow, 3dnowext, lzcnt, sse4a

Memory: 4k page, physical 2095608k(678492k free), swap 4191216k(1558088k free)

vm_info: Java HotSpot(TM) Client VM (20.1-b02) for windows-x86 JRE (1.6.0_26-b03), built on May  4 2011 00:50:59 by "java_re" with MS VC++ 7.1 (VS2003)

time: Wed Aug 17 18:48:38 2011
elapsed time: 386 seconds

