#
# A fatal error has been detected by the Java Runtime Environment:
#
#  EXCEPTION_ACCESS_VIOLATION (0xc0000005) at pc=0x6d0b6ad0, pid=2780, tid=5184
#
# JRE version: 6.0_21-b07
# Java VM: Java HotSpot(TM) Client VM (17.0-b17 mixed mode, sharing windows-x86 )
# Problematic frame:
# C  [awt.dll+0xb6ad0]
#
# If you would like to submit a bug report, please visit:
#   http://java.sun.com/webapps/bugreport/crash.jsp
# The crash happened outside the Java Virtual Machine in native code.
# See problematic frame for where to report the bug.
#

---------------  T H R E A D  ---------------

Current thread (0x04656800):  JavaThread "AWT-Windows" daemon [_thread_in_native, id=5184, stack(0x04c80000,0x04cd0000)]

siginfo: ExceptionCode=0xc0000005, reading address 0x00000000

Registers:
EAX=0x04ccf6c4, EBX=0x05720048, ECX=0x000002b2, EDX=0x000004c0
ESP=0x04ccf6ac, EBP=0x04ccf838, ESI=0x00000000, EDI=0x000004c0
EIP=0x6d0b6ad0, EFLAGS=0x00010206

Top of Stack: (sp=0x04ccf6ac)
0x04ccf6ac:   04ccf6c4 00001000 00000000 061196d0
0x04ccf6bc:   00000000 061196d0 00000014 6d0aefbc
0x04ccf6cc:   00000000 00000000 061196d0 00000014
0x04ccf6dc:   6d0af4de 00000000 00000000 00000014
0x04ccf6ec:   053b0180 6d0b369a 00000003 3f800000
0x04ccf6fc:   00000000 00009824 04656918 00000001
0x04ccf70c:   00000079 7715041f 81d906fc 000002af
0x04ccf71c:   00000000 00000000 04656918 020278e0 

Instructions: (pc=0x6d0b6ad0)
0x6d0b6ac0:   05 00 20 00 00 50 c1 e2 05 8d 44 24 14 50 8b fa
0x6d0b6ad0:   8b 16 57 c1 e1 05 51 56 ff 52 2c 85 c0 0f 8c 93 


Stack: [0x04c80000,0x04cd0000],  sp=0x04ccf6ac,  free space=13d04ccf1e0k
Native frames: (J=compiled Java code, j=interpreted, Vv=VM code, C=native code)
C  [awt.dll+0xb6ad0]
C  [awt.dll+0x9c6dc]
C  [USER32.dll+0x1fd72]
C  [USER32.dll+0x1fe4a]
C  [USER32.dll+0x19d6a]
C  [USER32.dll+0x19f8d]
C  [ntdll.dll+0x65dae]
C  [USER32.dll+0x2054d]

Java frames: (J=compiled Java code, j=interpreted, Vv=VM code)
j  sun.awt.windows.WToolkit.eventLoop()V+0
j  sun.awt.windows.WToolkit.run()V+52
j  java.lang.Thread.run()V+11
v  ~StubRoutines::call_stub

---------------  P R O C E S S  ---------------

Java Threads: ( => current thread )
  0x062d2000 JavaThread "TimerQueue" daemon [_thread_blocked, id=3348, stack(0x09660000,0x096b0000)]
  0x053d5c00 JavaThread "D3D Screen Updater" daemon [_thread_blocked, id=4996, stack(0x09510000,0x09560000)]
  0x04665800 JavaThread "AWT-EventQueue-0" [_thread_in_native, id=4268, stack(0x094c0000,0x09510000)]
  0x06119400 JavaThread "!ComponentManager.CallbackQueueThreadTitle!" [_thread_blocked, id=5848, stack(0x08e90000,0x08ee0000)]
  0x05320800 JavaThread "AWT-Shutdown" [_thread_blocked, id=5624, stack(0x04c30000,0x04c80000)]
  0x0462d000 JavaThread "Connection Thread" [_thread_in_native, id=5736, stack(0x048b0000,0x04900000)]
=>0x04656800 JavaThread "AWT-Windows" daemon [_thread_in_native, id=5184, stack(0x04c80000,0x04cd0000)]
  0x04652800 JavaThread "Java2D Disposer" daemon [_thread_blocked, id=4148, stack(0x04a80000,0x04ad0000)]
  0x020fbc00 JavaThread "Connection Thread" [_thread_in_native, id=5144, stack(0x047a0000,0x047f0000)]
  0x04580400 JavaThread "Timeout Termination Thread" [_thread_blocked, id=1492, stack(0x04700000,0x04750000)]
  0x0457fc00 JavaThread "Server Thread-Project (RiegosCentro)-VM for RiegosCentro" [_thread_in_native, id=5420, stack(0x046b0000,0x04700000)]
  0x0204bc00 JavaThread "Low Memory Detector" daemon [_thread_blocked, id=5900, stack(0x04410000,0x04460000)]
  0x02042800 JavaThread "CompilerThread0" daemon [_thread_blocked, id=5984, stack(0x043c0000,0x04410000)]
  0x0203f800 JavaThread "Attach Listener" daemon [_thread_blocked, id=1480, stack(0x04370000,0x043c0000)]
  0x0203c800 JavaThread "Signal Dispatcher" daemon [_thread_blocked, id=1952, stack(0x04320000,0x04370000)]
  0x02036c00 JavaThread "Finalizer" daemon [_thread_blocked, id=1240, stack(0x042d0000,0x04320000)]
  0x02032000 JavaThread "Reference Handler" daemon [_thread_blocked, id=5276, stack(0x04280000,0x042d0000)]
  0x003dac00 JavaThread "main" [_thread_blocked, id=5540, stack(0x00360000,0x003b0000)]

Other Threads:
  0x02030c00 VMThread [stack: 0x04230000,0x04280000] [id=5268]
  0x0206ec00 WatcherThread [stack: 0x04460000,0x044b0000] [id=5876]

VM state:not at safepoint (normal execution)

VM Mutex/Monitor currently owned by a thread: None

Heap
 def new generation   total 5056K, used 3542K [0x23b70000, 0x240e0000, 0x290c0000)
  eden space 4544K,  77% used [0x23b70000, 0x23eddbd8, 0x23fe0000)
  from space 512K,   6% used [0x24060000, 0x24067ee8, 0x240e0000)
  to   space 512K,   0% used [0x23fe0000, 0x23fe0000, 0x24060000)
 tenured generation   total 10944K, used 8276K [0x290c0000, 0x29b70000, 0x33b70000)
   the space 10944K,  75% used [0x290c0000, 0x298d5278, 0x298d5400, 0x29b70000)
 compacting perm gen  total 12288K, used 1469K [0x33b70000, 0x34770000, 0x37b70000)
   the space 12288K,  11% used [0x33b70000, 0x33cdf698, 0x33cdf800, 0x34770000)
    ro space 10240K,  51% used [0x37b70000, 0x3809b700, 0x3809b800, 0x38570000)
    rw space 12288K,  54% used [0x38570000, 0x38c076c0, 0x38c07800, 0x39170000)

Dynamic libraries:
0x00400000 - 0x00424000 	C:\Program Files\Java\jre6\bin\javaw.exe
0x77440000 - 0x77567000 	C:\Windows\system32\ntdll.dll
0x76df0000 - 0x76ecc000 	C:\Windows\system32\kernel32.dll
0x75d70000 - 0x75e36000 	C:\Windows\system32\ADVAPI32.dll
0x76ed0000 - 0x76f93000 	C:\Windows\system32\RPCRT4.dll
0x77130000 - 0x771cd000 	C:\Windows\system32\USER32.dll
0x75ed0000 - 0x75f1b000 	C:\Windows\system32\GDI32.dll
0x77680000 - 0x7769e000 	C:\Windows\system32\IMM32.DLL
0x75ca0000 - 0x75d68000 	C:\Windows\system32\MSCTF.dll
0x775d0000 - 0x7767a000 	C:\Windows\system32\msvcrt.dll
0x76c20000 - 0x76c29000 	C:\Windows\system32\LPK.DLL
0x773c0000 - 0x7743d000 	C:\Windows\system32\USP10.dll
0x6c1b0000 - 0x6c1b5000 	C:\Windows\system32\avgrsstx.dll
0x7c340000 - 0x7c396000 	C:\Program Files\Java\jre6\bin\msvcr71.dll
0x6d800000 - 0x6daa7000 	C:\Program Files\Java\jre6\bin\client\jvm.dll
0x74380000 - 0x743b2000 	C:\Windows\system32\WINMM.dll
0x75f20000 - 0x76065000 	C:\Windows\system32\ole32.dll
0x75e40000 - 0x75ecd000 	C:\Windows\system32\OLEAUT32.dll
0x74340000 - 0x74379000 	C:\Windows\system32\OLEACC.dll
0x75920000 - 0x7594c000 	C:\Windows\system32\apphelp.dll
0x6d7b0000 - 0x6d7bc000 	C:\Program Files\Java\jre6\bin\verify.dll
0x6d330000 - 0x6d34f000 	C:\Program Files\Java\jre6\bin\java.dll
0x6d290000 - 0x6d298000 	C:\Program Files\Java\jre6\bin\hpi.dll
0x75ae0000 - 0x75ae7000 	C:\Windows\system32\PSAPI.DLL
0x6d7f0000 - 0x6d7ff000 	C:\Program Files\Java\jre6\bin\zip.dll
0x6d610000 - 0x6d623000 	C:\Program Files\Java\jre6\bin\net.dll
0x77570000 - 0x7759d000 	C:\Windows\system32\WS2_32.dll
0x75ba0000 - 0x75ba6000 	C:\Windows\system32\NSI.dll
0x75050000 - 0x7508b000 	C:\Windows\system32\mswsock.dll
0x750d0000 - 0x750d5000 	C:\Windows\System32\wship6.dll
0x74d30000 - 0x74d35000 	C:\Windows\System32\wshtcpip.dll
0x74b70000 - 0x74b7f000 	C:\Windows\system32\NLAapi.dll
0x752c0000 - 0x752d9000 	C:\Windows\system32\IPHLPAPI.DLL
0x75280000 - 0x752b5000 	C:\Windows\system32\dhcpcsvc.DLL
0x75510000 - 0x7553c000 	C:\Windows\system32\DNSAPI.dll
0x75980000 - 0x75994000 	C:\Windows\system32\Secur32.dll
0x75270000 - 0x75277000 	C:\Windows\system32\WINNSI.DLL
0x75240000 - 0x75262000 	C:\Windows\system32\dhcpcsvc6.DLL
0x71aa0000 - 0x71aaf000 	C:\Windows\system32\napinsp.dll
0x71a60000 - 0x71a72000 	C:\Windows\system32\pnrpnsp.dll
0x71a90000 - 0x71a98000 	C:\Windows\System32\winrnr.dll
0x75af0000 - 0x75b39000 	C:\Windows\system32\WLDAP32.dll
0x16080000 - 0x160a5000 	C:\Program Files\Bonjour\mdnsNSP.dll
0x72b20000 - 0x72b26000 	C:\Windows\system32\rasadhlp.dll
0x6d000000 - 0x6d14a000 	C:\Program Files\Java\jre6\bin\awt.dll
0x72490000 - 0x724d2000 	C:\Windows\system32\WINSPOOL.DRV
0x74740000 - 0x748de000 	C:\Windows\WinSxS\x86_microsoft.windows.common-controls_6595b64144ccf1df_6.0.6002.18305_none_5cb72f2a088b0ed3\COMCTL32.dll
0x75b40000 - 0x75b99000 	C:\Windows\system32\SHLWAPI.dll
0x71c80000 - 0x71c8c000 	C:\Windows\system32\DWMAPI.DLL
0x74700000 - 0x7473f000 	C:\Windows\system32\uxtheme.dll
0x6d230000 - 0x6d284000 	C:\Program Files\Java\jre6\bin\fontmanager.dll
0x6df90000 - 0x6e14a000 	C:\Windows\system32\d3d9.dll
0x750e0000 - 0x750e8000 	C:\Windows\system32\VERSION.dll
0x70450000 - 0x70456000 	C:\Windows\system32\d3d8thk.dll
0x06ef0000 - 0x072f6000 	C:\Windows\system32\atiumdag.dll
0x07400000 - 0x078a0000 	C:\Windows\system32\atiumdva.dll
0x76100000 - 0x76c10000 	C:\Windows\system32\shell32.dll
0x76070000 - 0x760f4000 	C:\Windows\system32\CLBCatQ.DLL
0x6d630000 - 0x6d639000 	C:\Program Files\Java\jre6\bin\nio.dll

VM Arguments:
jvm_args: -Dproxyvm.registryKey=33276532 -Dproxyvm.masterPort=50381 -Dproxyvm.bufsize=16000 -Dproxyvm.servername=Project (RiegosCentro)-VM for RiegosCentro -Xverify:none 
java_command: org.eclipse.jem.internal.proxy.vm.remote.RemoteVMApplication
Launcher Type: SUN_STANDARD

Environment Variables:
CLASSPATH=.;C:\Program Files\Java\jre6\lib\ext\QTJava.zip
PATH=C:\Windows\system32;C:\Windows;C:\Windows\System32\Wbem;C:\Program Files\Common Files\Roxio Shared\DLLShared\;C:\Program Files\Common Files\Roxio Shared\10.0\DLLShared\;C:\Program Files\doxygen\bin;C:\Program Files\QuickTime\QTSystem\;C:\Program Files\TortoiseSVN\bin
USERNAME=ca
OS=Windows_NT
PROCESSOR_IDENTIFIER=x86 Family 6 Model 23 Stepping 10, GenuineIntel



---------------  S Y S T E M  ---------------

OS: Windows Vista Build 6002 Service Pack 2

CPU:total 2 (2 cores per cpu, 1 threads per core) family 6 model 23 stepping 10, cmov, cx8, fxsr, mmx, sse, sse2, sse3, ssse3, sse4.1

Memory: 4k page, physical 3143304k(1020536k free), swap 6494516k(4082696k free)

vm_info: Java HotSpot(TM) Client VM (17.0-b17) for windows-x86 JRE (1.6.0_21-b07), built on Jul 17 2010 01:10:15 by "java_re" with MS VC++ 7.1 (VS2003)

time: Mon Oct 25 15:26:55 2010
elapsed time: 9250 seconds

